
    Processed test3:
    - Found 606 components
    - Grouped into 328 text lines
    - Detected 29 text blocks
    - Estimated orientation: 177.0 degrees
    - Merge mode: lines and vertical
    - Saved visualization to output/blocks2
    ----------------------------------------
    
    Processed test1:
    - Found 1137 components
    - Grouped into 265 text lines
    - Detected 4 text blocks
    - Estimated orientation: 2.0 degrees
    - Merge mode: lines and vertical
    - Saved visualization to output/blocks2
    ----------------------------------------
    
    Processed test1:
    - Found 1137 components
    - Grouped into 265 text lines
    - Detected 33 text blocks
    - Estimated orientation: 2.0 degrees
    - Merge mode: line-only
    - Saved visualization to output/blocks2
    ----------------------------------------
    